Basketball/build/intermediates/proguard-rules/release/aapt_rules.txt
# view AndroidManifest.xml #generated:43
-keep class com.thinkagaingames.basketball.UnityPlayerActivity { <init>(...); }