Basketball/build/outputs/mapping/release/seeds.txt
com.thinkagaingames.basketball.R
com.thinkagaingames.basketball.R$attr
com.thinkagaingames.basketball.R$drawable
com.thinkagaingames.basketball.R$drawable: int app_banner
com.thinkagaingames.basketball.R$drawable: int app_icon
com.thinkagaingames.basketball.R$string
com.thinkagaingames.basketball.R$string: int app_name
com.thinkagaingames.basketball.R$style
com.thinkagaingames.basketball.R$style: int UnityThemeSelector
com.thinkagaingames.basketball.UnityPlayerActivity
com.thinkagaingames.basketball.UnityPlayerActivity: UnityPlayerActivity()
...
com.unity3d.player.GoogleVrProxy$a
com.unity3d.player.GoogleVrProxy$a: boolean a
com.unity3d.player.GoogleVrProxy$a: boolean b
com.unity3d.player.GoogleVrProxy$a: boolean c
com.unity3d.player.GoogleVrProxy$a: boolean d
com.unity3d.player.GoogleVrProxy$a: boolean e
com.unity3d.player.GoogleVrProxy$a: boolean f
com.unity3d.player.GoogleVrProxy$a: com.unity3d.player.GoogleVrProxy g
com.unity3d.player.GoogleVrProxy$a: GoogleVrProxy$a(com.unity3d.player.GoogleVrProxy)
com.unity3d.player.GoogleVrProxy$a: boolean a()
com.unity3d.player.GoogleVrProxy$a: void b()
com.unity3d.player.GoogleVrVideo
com.unity3d.player.GoogleVrVideo: void registerGoogleVrVideoListener(com.unity3d.player.GoogleVrVideo$GoogleVrVideoCallbacks)
com.unity3d.player.GoogleVrVideo: void deregisterGoogleVrVideoListener(com.unity3d.player.GoogleVrVideo$GoogleVrVideoCallbacks)
com.unity3d.player.GoogleVrVideo: void setVideoLocationTransform(float[])
com.unity3d.player.GoogleVrVideo$GoogleVrVideoCallbacks
com.unity3d.player.GoogleVrVideo$GoogleVrVideoCallbacks: void onSurfaceAvailable(android.view.Surface)
com.unity3d.player.GoogleVrVideo$GoogleVrVideoCallbacks: void onSurfaceUnavailable()
com.unity3d.player.GoogleVrVideo$GoogleVrVideoCallbacks: void onFrameAvailable()
com.unity3d.player.NativeLoader
com.unity3d.player.NativeLoader: boolean load(java.lang.String)
com.unity3d.player.NativeLoader: boolean unload()
com.unity3d.player.ReflectionHelper
com.unity3d.player.ReflectionHelper: boolean LOG
com.unity3d.player.ReflectionHelper: boolean LOGV
com.unity3d.player.ReflectionHelper: com.unity3d.player.ReflectionHelper$a[] a
com.unity3d.player.ReflectionHelper: ReflectionHelper()
com.unity3d.player.ReflectionHelper: boolean a(com.unity3d.player.ReflectionHelper$a)
com.unity3d.player.ReflectionHelper: void a(com.unity3d.player.ReflectionHelper$a,java.lang.reflect.Member)
com.unity3d.player.ReflectionHelper: java.lang.reflect.Constructor getConstructorID(java.lang.Class,java.lang.String)
com.unity3d.player.ReflectionHelper: java.lang.reflect.Method getMethodID(java.lang.Class,java.lang.String,java.lang.String,boolean)
com.unity3d.player.ReflectionHelper: java.lang.reflect.Field getFieldID(java.lang.Class,java.lang.String,java.lang.String,boolean)
com.unity3d.player.ReflectionHelper: float a(java.lang.Class,java.lang.Class)
com.unity3d.player.ReflectionHelper: float a(java.lang.Class,java.lang.Class[],java.lang.Class[])
com.unity3d.player.ReflectionHelper: java.lang.Class[] a(java.lang.String)
com.unity3d.player.ReflectionHelper: java.lang.Class a(java.lang.String,int[])
com.unity3d.player.ReflectionHelper: java.lang.Object nativeProxyInvoke(int,java.lang.String,java.lang.Object[])
com.unity3d.player.ReflectionHelper: void nativeProxyFinalize(int)
com.unity3d.player.ReflectionHelper: java.lang.Object newProxyInstance(int,java.lang.Class)
com.unity3d.player.ReflectionHelper$1
com.unity3d.player.ReflectionHelper$1: int a
com.unity3d.player.ReflectionHelper$1: java.lang.Class[] b
com.unity3d.player.ReflectionHelper$1: ReflectionHelper$1(int,java.lang.Class[])
com.unity3d.player.ReflectionHelper$1: java.lang.Object invoke(java.lang.Object,java.lang.reflect.Method,java.lang.Object[])
com.unity3d.player.ReflectionHelper$1: void finalize()
com.unity3d.player.ReflectionHelper$a
com.unity3d.player.ReflectionHelper$a: java.lang.Class b
com.unity3d.player.ReflectionHelper$a: java.lang.String c
com.unity3d.player.ReflectionHelper$a: java.lang.String d
com.unity3d.player.ReflectionHelper$a: int e
com.unity3d.player.ReflectionHelper$a: java.lang.reflect.Member a
com.unity3d.player.ReflectionHelper$a: ReflectionHelper$a(java.lang.Class,java.lang.String,java.lang.String)
com.unity3d.player.ReflectionHelper$a: int hashCode()
com.unity3d.player.ReflectionHelper$a: boolean equals(java.lang.Object)