Basketball/build/outputs/mapping/release/mapping.txt
com.thinkagaingames.basketball.R -> com.thinkagaingames.basketball.R:
    void <init>() -> <init>
com.thinkagaingames.basketball.R$attr -> com.thinkagaingames.basketball.R$attr:
    void <init>() -> <init>
com.thinkagaingames.basketball.R$drawable -> com.thinkagaingames.basketball.R$drawable:
    int app_banner -> app_banner
    int app_icon -> app_icon
    void <init>() -> <init>
    void <clinit>() -> <clinit>
com.thinkagaingames.basketball.R$string -> com.thinkagaingames.basketball.R$string:
    int app_name -> app_name
    void <init>() -> <init>
    void <clinit>() -> <clinit>
com.thinkagaingames.basketball.R$style -> com.thinkagaingames.basketball.R$style:
    int UnityThemeSelector -> UnityThemeSelector
    void <init>() -> <init>
    void <clinit>() -> <clinit>
com.thinkagaingames.basketball.UnityPlayerActivity -> com.thinkagaingames.basketball.UnityPlayerActivity:
    com.unity3d.player.UnityPlayer mUnityPlayer -> a
    void <init>() -> <init>
    void onCreate(android.os.Bundle) -> onCreate
    void onNewIntent(android.content.Intent) -> onNewIntent
    void onDestroy() -> onDestroy
    void onPause() -> onPause
    void onResume() -> onResume
    void onStart() -> onStart
    void onStop() -> onStop
    void onLowMemory() -> onLowMemory
    void onTrimMemory(int) -> onTrimMemory
    void onConfigurationChanged(android.content.res.Configuration) -> onConfigurationChanged
    void onWindowFocusChanged(boolean) -> onWindowFocusChanged
    boolean dispatchKeyEvent(android.view.KeyEvent) -> dispatchKeyEvent
    boolean onKeyUp(int,android.view.KeyEvent) -> onKeyUp
    boolean onKeyDown(int,android.view.KeyEvent) -> onKeyDown
    boolean onTouchEvent(android.view.MotionEvent) -> onTouchEvent
    boolean onGenericMotionEvent(android.view.MotionEvent) -> onGenericMotionEvent
...
com.unity3d.player.UnityPlayer$9 -> com.unity3d.player.UnityPlayer$9:
    boolean a -> a
    java.lang.String b -> b
    int c -> c
    com.unity3d.player.UnityPlayer d -> d
    void <init>(com.unity3d.player.UnityPlayer,boolean,java.lang.String,int) -> <init>
    void a() -> a
com.unity3d.player.UnityPlayer$a -> com.unity3d.player.UnityPlayer$a:
    com.unity3d.player.UnityPlayer a -> a
    void <init>(com.unity3d.player.UnityPlayer) -> <init>
    void onCallStateChanged(int,java.lang.String) -> onCallStateChanged
    void <init>(com.unity3d.player.UnityPlayer,byte) -> <init>
com.unity3d.player.UnityPlayer$b -> com.unity3d.player.UnityPlayer$b:
    com.unity3d.player.UnityPlayer$b a -> a
    com.unity3d.player.UnityPlayer$b b -> b
    com.unity3d.player.UnityPlayer$b c -> c
    com.unity3d.player.UnityPlayer$b d -> d
    com.unity3d.player.UnityPlayer$b e -> e
    com.unity3d.player.UnityPlayer$b f -> f
    com.unity3d.player.UnityPlayer$b[] g -> g
    void <init>(java.lang.String,int) -> <init>
    void <clinit>() -> <clinit>
com.unity3d.player.UnityPlayer$c -> com.unity3d.player.UnityPlayer$c:
    android.os.Handler a -> a
    boolean b -> b
    int c -> c
    com.unity3d.player.UnityPlayer d -> d
    void <init>(com.unity3d.player.UnityPlayer) -> <init>
    void run() -> run
    void a() -> a
    void b() -> b
    void c() -> c
    void a(boolean) -> a
    void a(com.unity3d.player.UnityPlayer$b) -> a
    void <init>(com.unity3d.player.UnityPlayer,byte) -> <init>
com.unity3d.player.UnityPlayer$c$1 -> com.unity3d.player.UnityPlayer$c$1:
    com.unity3d.player.UnityPlayer$c a -> a
    void <init>(com.unity3d.player.UnityPlayer$c) -> <init>
    boolean handleMessage(android.os.Message) -> handleMessage
com.unity3d.player.UnityPlayer$d -> com.unity3d.player.UnityPlayer$d:
    com.unity3d.player.UnityPlayer e -> e
    void <init>(com.unity3d.player.UnityPlayer) -> <init>
    void run() -> run
    void a() -> a
    void <init>(com.unity3d.player.UnityPlayer,byte) -> <init>
com.unity3d.player.UnityPlayerActivity -> com.unity3d.player.UnityPlayerActivity:
    com.unity3d.player.UnityPlayer mUnityPlayer -> mUnityPlayer
    void <init>() -> <init>
    void onCreate(android.os.Bundle) -> onCreate
    void onNewIntent(android.content.Intent) -> onNewIntent
    void onDestroy() -> onDestroy
    void onPause() -> onPause
    void onResume() -> onResume
    void onStart() -> onStart
    void onStop() -> onStop
    void onLowMemory() -> onLowMemory
    void onTrimMemory(int) -> onTrimMemory
    void onConfigurationChanged(android.content.res.Configuration) -> onConfigurationChanged
    void onWindowFocusChanged(boolean) -> onWindowFocusChanged
    boolean dispatchKeyEvent(android.view.KeyEvent) -> dispatchKeyEvent
    boolean onKeyUp(int,android.view.KeyEvent) -> onKeyUp
    boolean onKeyDown(int,android.view.KeyEvent) -> onKeyDown
    boolean onTouchEvent(android.view.MotionEvent) -> onTouchEvent
    boolean onGenericMotionEvent(android.view.MotionEvent) -> onGenericMotionEvent
com.unity3d.player.UnityPlayerNativeActivity -> com.unity3d.player.UnityPlayerNativeActivity:
    void <init>() -> <init>
    void onCreate(android.os.Bundle) -> onCreate
com.unity3d.player.UnityPlayerProxyActivity -> com.unity3d.player.UnityPlayerProxyActivity:
    void <init>() -> <init>
    void onCreate(android.os.Bundle) -> onCreate