Basketball/build/outputs/mapping/release/usage.txt
com.thinkagaingames.basketball.BuildConfig
com.thinkagaingames.basketball.UnityPlayerNativeActivity
com.thinkagaingames.basketball.UnityPlayerProxyActivity